IQ-TREE multicore version 1.6.12 for Linux 64-bit built Aug 15 2019
Developed by Bui Quang Minh, Nguyen Lam Tung, Olga Chernomor,
Heiko Schmidt, Dominik Schrempf, Michael Woodhams.

Host:    minsky (AVX2, FMA3, 503 GB RAM)
Command: ../../iqtree -s Mycoplasma_2016_run00-01.fas -st DNA -m TEST -bb 1000 -alrt 1000
Seed:    202225 (Using SPRNG - Scalable Parallel Random Number Generator)
Time:    Fri Mar 29 18:01:23 2024
Kernel:  AVX+FMA - 1 threads (128 CPU cores detected)

HINT: Use -nt option to specify number of threads because your CPU has 128 cores!
HINT: -nt AUTO will automatically determine the best number of threads to use.

Reading alignment file Mycoplasma_2016_run00-01.fas ... Fasta format detected
Alignment most likely contains DNA/RNA sequences
Alignment has 226 sequences with 275 columns, 187 distinct patterns
155 parsimony-informative, 17 singleton sites, 103 constant sites
                                             Gap/Ambiguity  Composition  p-value
   1  Mycoplasma_wenyonii_HM538187                   9.09%    passed     91.58%
   2  Mycoplasma_parvum_str_Indiana_CP006771         9.09%    passed     44.47%
   3  Mycoplasma_suis_EU603330                       9.09%    passed     79.65%
   4  Mycoplasma_haemocanis_str_Illinois_CP003199    9.09%    passed     95.17%
   5  Mycoplasma_haemofelis_EU145745                 9.09%    passed     94.71%
   6  Mycoplasma_coco_Cluster_41                     9.09%    passed     80.95%
   7  ASV_M_coccoides_50                             9.09%    passed     80.95%
   8  ASV_M_coccoides_54                             9.09%    passed     83.71%
   9  Cluster_2703                                   9.09%    passed     64.17%
  10  Cluster_4775                                   9.09%    passed     65.36%
  11  Cluster_7638                                   9.09%    passed     79.24%
  12  Mycoplasma_coccoides_AY171918                  9.09%    passed     78.91%
  13  ASV_M_coccoides_52                             9.09%    passed     68.79%
  14  ASV_M_coccoides_63                             9.09%    passed     68.79%
  15  ASV_M_coccoides_46                             9.09%    passed     65.63%
  16  Cluster_149                                    9.09%    passed     65.63%
  17  ASV_M_coccoides_62                             9.09%    passed     72.30%
  18  ASV_M_coccoides_58                             9.09%    passed     68.44%
  19  ASV_M_coccoides_60                             9.09%    passed     50.99%
  20  ASV_M_coccoides_64                             9.09%    passed     71.03%
  21  Mycoplasma_coco_Cluster_5                      9.09%    passed     61.37%
  22  ASV_M_coccoides_45                             9.09%    passed     61.37%
  23  ASV_M_coccoides_57                             9.09%    passed     71.03%
  24  ASV_M_coccoides_56                             9.09%    passed     75.59%
  25  ASV_M_coccoides_53                             9.09%    passed     78.91%
  26  ASV_M_coccoides_55                             9.09%    passed     85.81%
  27  Mycoplasma_coco_Cluster_12                     9.09%    passed     80.95%
  28  ASV_M_coccoides_47                             9.09%    passed     80.95%
  29  Cluster_24                                     9.09%    passed     80.95%
  30  Mycoplasma_coco_Cluster_30                     9.09%    passed     87.16%
  31  ASV_M_coccoides_49                             9.09%    passed     87.16%
  32  ASV_M_coccoides_59                             9.09%    passed     91.65%
  33  ASV_M_coccoides_51                             9.09%    passed     80.95%
  34  ASV_M_coccoides_61                             9.09%    passed     85.81%
  35  Mycoplasma_haemo_Cluster_14                    9.09%    passed     98.85%
  36  ASV_M_coccoides_48                             9.09%    passed     98.85%
  37  Mycoplasma_haemo_Cluster_10                    9.09%    passed     60.95%
  38  ASV_M_haemo_05                                 9.09%    passed     60.95%
  39  ASV_M_haemo_17                                 9.09%    passed     64.06%
  40  Mycoplasma_haemo_Cluster_3                     9.09%    passed     99.38%
  41  ASV_M_unknown_65                               9.09%    passed     99.38%
  42  Cluster_54                                     9.09%    passed     99.38%
  43  Mycoplasma_haemo_Cluster_20                    9.09%    passed     91.93%
  44  ASV_M_haemo_07                                 9.09%    passed     91.93%
  45  Mycoplasma_haemomuris_AB758436                 9.09%    passed     94.26%
  46  ASV_M_haemo_13                                 9.09%    passed     90.47%
  47  ASV_M_haemo_04                                 9.09%    passed     91.13%
  48  Cluster_1                                      9.09%    passed     91.13%
  49  ASV_M_haemo_10                                 9.09%    passed     87.47%
  50  ASV_M_haemo_11                                 9.09%    passed     94.51%
  51  ASV_M_haemo_14                                 9.09%    passed     90.22%
  52  ASV_M_haemo_28                                 9.09%    passed     85.84%
  53  ASV_M_haemo_31                                 9.09%    passed     91.88%
  54  Mycoplasma_haemo_Cluster_2                     9.09%    passed     89.54%
  55  ASV_M_haemo_01                                 9.09%    passed     89.54%
  56  Cluster_3                                      9.09%    passed     89.54%
  57  ASV_M_haemo_24                                 8.73%    passed     97.54%
  58  ASV_M_haemo_16                                 8.73%    passed     76.94%
  59  ASV_M_haemo_18                                 8.73%    passed     79.94%
  60  Mycoplasma_haemo_Cluster_7                     8.73%    passed     83.78%
  61  ASV_M_haemo_02                                 8.73%    passed     83.78%
  62  Cluster_68                                     8.73%    passed     83.78%
  63  ASV_M_haemo_29                                 8.73%    passed     85.56%
  64  ASV_M_haemo_30                                 8.73%    passed     79.18%
  65  ASV_M_haemo_12                                 9.09%    passed     94.46%
  66  ASV_M_haemo_08                                 9.09%    passed     96.52%
  67  ASV_M_haemo_19                                 9.09%    passed     95.19%
  68  ASV_M_haemo_20                                 9.09%    passed     95.19%
  69  ASV_M_haemo_21                                 9.09%    passed     92.98%
  70  ASV_M_haemo_27                                 9.09%    passed     98.21%
  71  Mycoplasma_haemo_Cluster_6                     9.09%    passed     94.71%
  72  ASV_M_haemo_03                                 9.09%    passed     94.71%
  73  Cluster_52                                     9.09%    passed     94.71%
  74  ASV_M_haemo_15                                 9.09%    passed     93.11%
  75  ASV_M_haemo_22                                 9.09%    passed     83.69%
  76  Cluster_644                                    9.09%    passed     85.92%
  77  ASV_M_haemo_09                                 9.09%    passed     90.22%
  78  ASV_M_haemo_26                                 9.09%    passed     89.27%
  79  ASV_M_haemo_23                                 9.09%    passed     98.39%
  80  ASV_M_haemo_25                                 9.09%    passed     98.32%
  81  Mycoplasma_haemo_Cluster_11                    9.09%    passed     97.60%
  82  ASV_M_haemo_06                                 9.09%    passed     97.60%
  83  Mycoplasma_insons_Cluster_156                  9.09%    passed     82.16%
  84  Mycoplasma_insons_EU859974                     9.09%    passed     76.33%
  85  Mycoplasma_cavipharyngis_AF125879              9.09%    passed     73.38%
  86  Mycoplasma_fastidiosum_AF125878                9.09%    passed     57.63%
  87  ASV_M_unknown_76                               9.09%    passed     98.75%
  88  Mycoplasma_penetrans_JN935872                  9.09%    passed     98.74%
  89  ASV_M_penetrans_40                             9.09%    passed     98.74%
  90  ASV_M_penetrans_42                             9.09%    passed     96.42%
  91  Mycoplasma_penetrans_Cluster_90                9.09%    passed     98.56%
  92  ASV_M_penetrans_39                             9.09%    passed     98.56%
  93  Cluster_191                                    9.09%    passed     98.56%
  94  ASV_M_penetrans_41                             9.09%    passed     99.19%
  95  Mycoplasma_microti_AF212859                    9.09%    passed     82.44%
  96  ASV_M_microti_35                               9.09%    passed     82.44%
  97  ASV_M_microti_34                               9.09%    passed     75.39%
  98  Mycoplasma_iowae_U29676                        9.45%    passed     96.49%
  99  Mycoplasma_muris_M23939                       10.18%    passed     95.25%
 100  ASV_M_muris_37                                 9.09%    passed     94.75%
 101  ASV_M_muris_38                                 9.09%    passed     95.02%
 102  ASV_M_microti_36                               9.09%    passed     98.75%
 103  Mycoplasma_microti_Cluster_182                 9.09%    passed     98.75%
 104  ASV_M_microti_32                               9.09%    passed     98.75%
 105  ASV_M_microti_33                               9.09%    passed     98.81%
 106  Mycoplasma_genitalium_X77334                   9.09%    passed     89.86%
 107  Mycoplasma_pneumoniae_AB680604                 9.09%    passed     84.72%
 108  Mycoplasma_gallisepticum_AB680686              9.09%    passed     98.56%
 109  Mycoplasma_imitans_L24103                      9.09%    passed     98.56%
 110  Mycoplasma_alvi_FJ655918                       9.09%    passed     98.21%
 111  Mycoplasma_pirum_M23940                        9.45%    passed     99.08%
 112  Mycoplasma_amphoriforme_AY531655               8.36%    passed     99.32%
 113  Mycoplasma_testudinis_U09788                   9.09%    passed     99.56%
 114  Asteroleplasma                                 9.45%    failed      4.87%
 115  Anaeroplasma                                   9.45%    passed     69.36%
 116  Escherichia                                    9.09%    failed      1.41%
 117  Clostridium                                    8.73%    passed     33.65%
 118  Mycoplasma_pulmonis_AB680694                   9.09%    passed     89.79%
 119  ASV_M_lago_43                                  8.36%    passed     74.18%
 120  Mycoplasma_hyorhinis_AB680688                  8.73%    passed     87.50%
 121  Mycoplasma_bovoculi_U44768                     8.73%    passed     78.71%
 122  Mycoplasma_conjunctivae_FJ226571               8.73%    passed     75.72%
 123  Mycoplasma_ovipneumoniae_EF687778              8.73%    passed     60.47%
 124  Mycoplasma_dispar_AF412979                     8.73%    passed     75.32%
 125  Mycoplasma_flocculare_GU227403                 8.36%    passed     67.28%
 126  Mycoplasma_hyopneumoniae_GU227406              8.73%    passed     53.50%
 127  ASV_M_molare_44                                8.73%    passed     95.37%
 128  Cluster_4443                                   8.73%    passed     95.37%
 129  Mycoplasma_collis_AF412974                     8.73%    passed     56.94%
 130  Mycoplasma_neurolyticum_AB680668               8.73%    passed     83.85%
 131  Mycoplasma_iguanae_AY714305                    9.09%    passed     90.35%
 132  Mycoplasma_lagogenitalium_AF412983             8.73%    passed     98.79%
 133  Mycoplasma_molare_AF412985                     8.73%    passed     97.05%
 134  Mycoplasma_vulturii_AY191226                   8.36%    passed     83.99%
 135  Mycoplasma_ravipulmonis_Cluster_195            9.09%    passed     58.68%
 136  Mycoplasma_ravipulmonis_Cluster_99             8.36%    passed     80.30%
 137  Mycoplasma_moatsii_AF412984                    9.09%    passed     83.80%
 138  Mycoplasma_sualvi_AF412988                     9.09%    passed     76.56%
 139  Cluster_74                                     9.09%    passed     76.56%
 140  Mycoplasma_elephantis_AF221121                 9.09%    passed     99.01%
 141  Mycoplasma_equigenitalium_AF221120             9.09%    passed     98.60%
 142  Mycoplasma_sturni_U22013                       8.00%    passed     94.00%
 143  Mycoplasma_cricetuli_EF036469                  8.36%    passed     74.80%
 144  Mycoplasma_oxoniensis_AF412987                 8.36%    passed     89.06%
 145  Mycoplasma_citelli_AF412973                    8.36%    passed     83.68%
 146  Mycoplasma_columborale_AF412975                8.36%    passed     92.64%
 147  Mycoplasma_hyopharyngis_U58997                 8.36%    passed     71.58%
 148  Mycoplasma_lipophilum_AB680693                 8.36%    passed     92.22%
 149  Mycoplasma_anatis_AB680691                     8.36%    passed     97.04%
 150  Mycoplasma_alligatoris_AF412969                8.36%    passed     96.40%
 151  Mycoplasma_crocodyli_AF412977                  8.73%    passed     98.06%
 152  Mycoplasma_meleagridis_AB680683                8.36%    passed     81.97%
 153  Mycoplasma_spermatophilum_AF221119             8.36%    passed     96.40%
 154  Mycoplasma_lipofaciens_AF221115                8.36%    passed     96.67%
 155  Mycoplasma_columbinasale_AF221112              8.73%    passed     89.82%
 156  Mycoplasma_iners_AB680684                      8.36%    passed     92.53%
 157  Mycoplasma_columbinum_AF221113                 8.36%    passed     92.53%
 158  Mycoplasma_felifaucium_U15795                  8.73%    passed     92.13%
 159  Mycoplasma_sphenisci_AY756171                  8.36%    passed     94.57%
 160  Mycoplasma_caviae_AF221111                     8.36%    passed     99.85%
 161  Mycoplasma_fermentans_FJ226565                 8.36%    passed     99.17%
 162  Mycoplasma_mucosicanis_AM774638                8.36%    passed     95.35%
 163  Mycoplasma_opalescens_AF221117                 8.36%    passed     95.70%
 164  Mycoplasma_simbae_U16323                       8.36%    passed     92.22%
 165  Mycoplasma_zalophidermidis_DQ840512            9.09%    passed     95.88%
 166  Mycoplasma_phocirhinis_AF304324                8.36%    passed     95.98%
 167  Mycoplasma_adleri_U67943                       8.36%    passed     84.69%
 168  Mycoplasma_bovigenitalium_AB680692             8.36%    passed     91.97%
 169  Mycoplasma_californicum_M24582                 8.36%    passed     95.08%
 170  Mycoplasma_bovis_JN644755                      8.36%    passed     99.31%
 171  Mycoplasma_primatum_AF221118                   8.36%    passed     99.31%
 172  Mycoplasma_leopharyngis_U16760                 8.36%    passed     93.49%
 173  Mycoplasma_maculosum_AB680679                  8.36%    passed     93.82%
 174  Mycoplasma_pullorum_JN935880                   8.36%    passed     95.98%
 175  Mycoplasma_synoviae_X52083                     8.36%    passed     97.03%
 176  Mycoplasma_gallinaceum_JN935878                8.36%    passed     98.19%
 177  Mycoplasma_leonicaptivi_U16759                 8.36%    passed     97.20%
 178  Mycoplasma_aquilae_ATCC_BAA-1896_FM196532      8.36%    passed     97.81%
 179  Mycoplasma_verecundum_AF412989                 8.36%    passed     95.08%
 180  Mycoplasma_bovirhinis_AB680687                 8.36%    passed     99.88%
 181  Mycoplasma_edwardii_JX843737                   8.36%    passed     97.56%
 182  Mycoplasma_canis_AB680678                      8.36%    passed     99.43%
 183  Mycoplasma_cynos_AF412978                      8.36%    passed     99.07%
 184  Mycoplasma_mustelae_AF412986                   8.73%    passed     99.83%
 185  Mycoplasma_felis_U09787                        8.36%    passed     84.69%
 186  Mycoplasma_buteonis_AF412971                   8.36%    passed     94.90%
 187  Mycoplasma_gallopavonis_AF412980               8.36%    passed     90.08%
 188  Mycoplasma_corogypsi_L08054                    8.36%    passed     92.63%
 189  Mycoplasma_glycophilum_AF412981                8.36%    passed     88.76%
 190  Mycoplasma_agassizii_U09786                    9.09%    passed     91.75%
 191  Mycoplasma_testudineum_U19768                  4.00%    passed     53.32%
 192  Mycoplasma_mobile_M24480                       9.09%    passed     92.09%
 193  Mycoplasma_zalophi_AF493543                    9.09%    passed     89.32%
 194  Mycoplasma_gypis_AF125589                      9.09%    passed     81.43%
 195  Mycoplasma_phocidae_AF304325                   9.09%    passed     81.69%
 196  Mycoplasma_alkalescens_U44764                  9.09%    passed     98.00%
 197  Mycoplasma_anseris_AF125584                    9.09%    passed     88.57%
 198  Mycoplasma_neophronis_FR682077                 9.09%    passed     70.14%
 199  Mycoplasma_phocicerebrale_AF304323             9.09%    passed     70.14%
 200  Mycoplasma_spumans_AB680680                    9.09%    passed     71.32%
 201  Mycoplasma_auris_U67944                        9.09%    passed     84.77%
 202  Mycoplasma_buccale_AB680682                    9.09%    passed     89.97%
 203  Mycoplasma_cloacale_AF125592                   9.09%    passed     89.89%
 204  Mycoplasma_salivarium_AB680625                 9.09%    passed     89.97%
 205  Mycoplasma_arthritidis_AB680690                9.09%    passed     88.81%
 206  Mycoplasma_gateae_U15796                       9.09%    passed     89.97%
 207  Mycoplasma_falconis_AF125591                   9.09%    passed     80.47%
 208  Mycoplasma_faucium_AF125590                    9.09%    passed     80.47%
 209  Mycoplasma_hyosynoviae_JFKH01000034            9.09%    passed     80.47%
 210  Mycoplasma_indiense_AF125593                   9.09%    passed     80.47%
 211  Mycoplasma_orale_AB680624                      9.09%    passed     80.47%
 212  Mycoplasma_subdolum_AF125588                   9.09%    passed     89.97%
 213  Mycoplasma_arginini_AF125581                   9.09%    passed     81.69%
 214  Mycoplasma_hominis_AB680681                    9.09%    passed     70.14%
 215  Mycoplasma_equirhinis_AF125585                 9.45%    passed     59.86%
 216  Phytoplasma                                    9.09%    passed     90.89%
 217  Acholeplasma                                   9.09%    passed     77.43%
 218  Bacillus                                       8.73%    failed      2.55%
 219  Erysipelothrix                                 9.09%    passed     58.94%
 220  Mycoplasma_monodon_AF042194                    8.73%    passed     89.11%
 221  Mycoplasma_cottewii_JN935874                   9.09%    passed     78.63%
 222  Mycoplasma_yeatsii_JN935862                    9.09%    passed     78.63%
 223  Mycoplasma_mycoides_subsp_capri_U26036         9.09%    passed     82.40%
 224  OTU_Entomoplasmataceae_M_mycoides              9.09%    passed     82.40%
 225  Mycoplasma_putrefaciens_U26055                 9.09%    passed     87.28%
 226  OTU_Entomoplasmataceae_M_putrefaciens          9.09%    passed     87.28%
****  TOTAL                                          8.88%  3 sequences failed composition chi2 test (p-value<5%; df=3)
NOTE: ASV_M_coccoides_50 is identical to Mycoplasma_coco_Cluster_41 but kept for subsequent analysis
NOTE: Cluster_149 is identical to ASV_M_coccoides_46 but kept for subsequent analysis
NOTE: ASV_M_coccoides_45 is identical to Mycoplasma_coco_Cluster_5 but kept for subsequent analysis
NOTE: ASV_M_coccoides_47 is identical to Mycoplasma_coco_Cluster_12 but kept for subsequent analysis
NOTE: ASV_M_coccoides_49 is identical to Mycoplasma_coco_Cluster_30 but kept for subsequent analysis
NOTE: ASV_M_coccoides_48 is identical to Mycoplasma_haemo_Cluster_14 but kept for subsequent analysis
NOTE: ASV_M_haemo_05 is identical to Mycoplasma_haemo_Cluster_10 but kept for subsequent analysis
NOTE: ASV_M_unknown_65 is identical to Mycoplasma_haemo_Cluster_3 but kept for subsequent analysis
NOTE: ASV_M_haemo_07 is identical to Mycoplasma_haemo_Cluster_20 but kept for subsequent analysis
NOTE: Cluster_1 is identical to ASV_M_haemo_04 but kept for subsequent analysis
NOTE: ASV_M_haemo_01 is identical to Mycoplasma_haemo_Cluster_2 but kept for subsequent analysis
NOTE: ASV_M_haemo_02 is identical to Mycoplasma_haemo_Cluster_7 but kept for subsequent analysis
NOTE: ASV_M_haemo_03 is identical to Mycoplasma_haemo_Cluster_6 but kept for subsequent analysis
NOTE: ASV_M_haemo_06 is identical to Mycoplasma_haemo_Cluster_11 but kept for subsequent analysis
NOTE: ASV_M_penetrans_40 is identical to Mycoplasma_penetrans_JN935872 but kept for subsequent analysis
NOTE: ASV_M_penetrans_39 is identical to Mycoplasma_penetrans_Cluster_90 but kept for subsequent analysis
NOTE: ASV_M_microti_35 is identical to Mycoplasma_microti_AF212859 but kept for subsequent analysis
NOTE: ASV_M_microti_32 is identical to Mycoplasma_microti_Cluster_182 but kept for subsequent analysis
NOTE: Mycoplasma_imitans_L24103 is identical to Mycoplasma_gallisepticum_AB680686 but kept for subsequent analysis
NOTE: Cluster_4443 is identical to ASV_M_molare_44 but kept for subsequent analysis
NOTE: Cluster_74 is identical to Mycoplasma_sualvi_AF412988 but kept for subsequent analysis
NOTE: Mycoplasma_faucium_AF125590 is identical to Mycoplasma_falconis_AF125591 but kept for subsequent analysis
NOTE: Mycoplasma_orale_AB680624 is identical to Mycoplasma_indiense_AF125593 but kept for subsequent analysis
NOTE: Mycoplasma_yeatsii_JN935862 is identical to Mycoplasma_cottewii_JN935874 but kept for subsequent analysis
NOTE: OTU_Entomoplasmataceae_M_mycoides is identical to Mycoplasma_mycoides_subsp_capri_U26036 but kept for subsequent analysis
NOTE: OTU_Entomoplasmataceae_M_putrefaciens is identical to Mycoplasma_putrefaciens_U26055 but kept for subsequent analysis
NOTE: 7 identical sequences (see below) will be ignored for subsequent analysis
NOTE: Cluster_24 (identical to Mycoplasma_coco_Cluster_12) is ignored but added at the end
NOTE: Cluster_54 (identical to Mycoplasma_haemo_Cluster_3) is ignored but added at the end
NOTE: Cluster_3 (identical to Mycoplasma_haemo_Cluster_2) is ignored but added at the end
NOTE: Cluster_68 (identical to Mycoplasma_haemo_Cluster_7) is ignored but added at the end
NOTE: Cluster_52 (identical to Mycoplasma_haemo_Cluster_6) is ignored but added at the end
NOTE: Cluster_191 (identical to Mycoplasma_penetrans_Cluster_90) is ignored but added at the end
NOTE: Mycoplasma_hyosynoviae_JFKH01000034 (identical to Mycoplasma_falconis_AF125591) is ignored but added at the end

For your convenience alignment with unique sequences printed to Mycoplasma_2016_run00-01.fas.uniqueseq.phy


Create initial parsimony tree by phylogenetic likelihood library (PLL)... 0.017 seconds
NOTE: ModelFinder requires 6 MB RAM!
ModelFinder will test 88 DNA models (sample size: 275) ...
 No. Model         -LnL         df  AIC          AICc         BIC
  1  JC            7605.402     435 16080.804    395400.804   17654.100
  2  JC+I          7216.613     436 15305.226    396369.226   16882.138
  3  JC+G4         6924.255     436 14720.511    395784.511   16297.423
  4  JC+I+G4       6904.954     437 14683.908    397495.908   16264.437
  5  F81+F         7562.013     438 16000.027    400564.027   17584.172
  6  F81+F+I       7182.987     439 15243.974    401563.974   16831.737
  7  F81+F+G4      6889.086     439 14656.172    400976.172   16243.935
  8  F81+F+I+G4    6871.987     440 14623.973    402703.973   16215.353
  9  K2P           7313.306     436 15498.611    396562.611   17075.523
 10  K2P+I         6915.921     437 14705.843    397517.843   16286.372
 11  K2P+G4        6597.665     437 14069.330    396881.330   15649.859
 12  K2P+I+G4      6576.642     438 14029.283    398593.283   15613.429
 13  HKY+F         7296.549     439 15471.098    401791.098   17058.861
 14  HKY+F+I       6892.918     440 14665.835    402745.835   16257.215
 15  HKY+F+G4      6553.581     440 13987.161    402067.161   15578.540
 16  HKY+F+I+G4    6536.424     441 13954.848    403798.848   15549.844
 17  TNe           7304.682     437 15483.364    398295.364   17063.893
 18  TNe+I         6915.401     438 14706.802    399270.802   16290.948
 19  TNe+G4        6596.982     438 14069.964    398633.964   15654.110
 20  TNe+I+G4      6576.061     439 14030.122    400350.122   15617.885
 21  TN+F          7245.566     440 15371.131    403451.131   16962.510
 22  TN+F+I        6870.101     441 14622.202    404466.202   16217.199
 23  TN+F+G4       6540.783     441 13963.565    403807.565   15558.561
 24  TN+F+I+G4     6523.058     442 13930.116    405542.116   15528.729
 25  K3P           7313.303     437 15500.605    398312.605   17081.134
 26  K3P+I         6915.916     438 14707.832    399271.832   16291.978
 27  K3P+G4        6597.655     438 14071.311    398635.311   15655.457
 28  K3P+I+G4      6576.544     439 14031.088    400351.088   15618.850
 29  K3Pu+F        7296.532     440 15473.064    403553.064   17064.444
 30  K3Pu+F+I      6892.910     441 14667.820    404511.820   16262.816
 31  K3Pu+F+G4     6553.581     441 13989.162    403833.162   15584.158
 32  K3Pu+F+I+G4   6536.414     442 13956.828    405568.828   15555.441
 33  TPM2+F        7289.617     440 15459.234    403539.234   17050.613
 34  TPM2+F+I      6883.234     441 14648.468    404492.468   16243.464
 35  TPM2+F+G4     6540.570     441 13963.140    403807.140   15558.136
 36  TPM2+F+I+G4   6524.323     442 13932.645    405544.645   15531.258
 37  TPM2u+F       7289.617     440 15459.234    403539.234   17050.614
 38  TPM2u+F+I     6883.235     441 14648.470    404492.470   16243.466
 39  TPM2u+F+G4    6540.570     441 13963.139    403807.139   15558.135
 40  TPM2u+F+I+G4  6524.323     442 13932.646    405544.646   15531.258
 41  TPM3+F        7269.845     440 15419.690    403499.690   17011.069
 42  TPM3+F+I      6860.035     441 14602.069    404446.069   16197.066
 43  TPM3+F+G4     6530.602     441 13943.203    403787.203   15538.199
 44  TPM3+F+I+G4   6510.561     442 13905.121    405517.121   15503.734
 45  TPM3u+F       7269.845     440 15419.689    403499.689   17011.068
 46  TPM3u+F+I     6860.035     441 14602.069    404446.069   16197.065
 47  TPM3u+F+G4    6530.601     441 13943.202    403787.202   15538.198
 48  TPM3u+F+I+G4  6510.557     442 13905.115    405517.115   15503.728
 49  TIMe          7304.680     438 15485.361    400049.361   17069.507
 50  TIMe+I        6915.392     439 14708.784    401028.784   16296.547
 51  TIMe+G4       6596.967     439 14071.933    400391.933   15659.696
 52  TIMe+I+G4     6575.968     440 14031.936    402111.936   15623.315
 53  TIM+F         7245.555     441 15373.111    405217.111   16968.107
 54  TIM+F+I       6870.096     442 14624.191    406236.191   16222.804
 55  TIM+F+G4      6540.777     442 13965.555    405577.555   15564.168
 56  TIM+F+I+G4    6523.048     443 13932.096    407316.096   15534.325
 57  TIM2e         7297.909     438 15471.819    400035.819   17055.964
 58  TIM2e+I       6905.356     439 14688.712    401008.712   16276.474
 59  TIM2e+G4      6581.855     439 14041.710    400361.710   15629.473
 60  TIM2e+I+G4    6562.987     440 14005.973    402085.973   15597.352
 61  TIM2+F        7238.792     441 15359.584    405203.584   16954.580
 62  TIM2+F+I      6860.669     442 14605.339    406217.339   16203.952
 63  TIM2+F+G4     6527.603     442 13939.206    405551.206   15537.819
 64  TIM2+F+I+G4   6510.193     443 13906.387    407290.387   15508.616
 65  TIM3e         7253.105     438 15382.210    399946.210   16966.356
 66  TIM3e+I       6860.449     439 14598.899    400918.899   16186.661
 67  TIM3e+G4      6549.298     439 13976.595    400296.595   15564.358
 68  TIM3e+I+G4    6527.554     440 13935.109    402015.109   15526.488
 69  TIM3+F        7218.061     441 15318.122    405162.122   16913.118
 70  TIM3+F+I      6836.419     442 14556.838    406168.838   16155.450
 71  TIM3+F+G4     6519.034     442 13922.069    405534.069   15520.681
 72  TIM3+F+I+G4   6499.108     443 13884.216    407268.216   15486.445
 73  TVMe          7252.305     439 15382.611    401702.611   16970.373
 74  TVMe+I        6846.662     440 14573.324    402653.324   16164.703
 75  TVMe+G4       6527.568     440 13935.136    402015.136   15526.515
 76  TVMe+I+G4     6508.002     441 13898.005    403742.005   15493.001
 77  TVM+F         7260.404     442 15404.807    407016.807   17003.420
 78  TVM+F+I       6846.576     443 14579.151    407963.151   16181.381
 79  TVM+F+G4      6510.352     443 13906.704    407290.704   15508.934
 80  TVM+F+I+G4    6491.702     444 13871.404    409031.404   15477.251
 81  SYM           7243.290     440 15366.580    403446.580   16957.959
 82  SYM+I         6846.070     441 14574.141    404418.141   16169.137
 83  SYM+G4        6527.054     441 13936.107    403780.107   15531.103
 84  SYM+I+G4      6507.323     442 13898.646    405510.646   15497.259
 85  GTR+F         7208.509     443 15303.018    408687.018   16905.247
 86  GTR+F+I       6822.990     444 14533.981    409693.981   16139.827
 87  GTR+F+G4      6498.693     444 13885.386    409045.386   15491.232
 88  GTR+F+I+G4    6479.587     445 13849.175    410789.175   15458.638
Akaike Information Criterion:           GTR+F+I+G4
Corrected Akaike Information Criterion: JC
Bayesian Information Criterion:         GTR+F+I+G4
Best-fit model: GTR+F+I+G4 chosen according to BIC

All model information printed to Mycoplasma_2016_run00-01.fas.model.gz
CPU time for ModelFinder: 11.410 seconds (0h:0m:11s)
Wall-clock time for ModelFinder: 11.635 seconds (0h:0m:11s)
Generating 1000 samples for ultrafast bootstrap (seed: 202225)...

NOTE: 6 MB RAM (0 GB) is required!
Estimate model parameters (epsilon = 0.100)
Thoroughly optimizing +I+G parameters from 10 start values...
Init pinv, alpha: 0.000, 1.000 / Estimate: 0.000, 0.445 / LogL: -6498.696
Init pinv, alpha: 0.042, 1.000 / Estimate: 0.254, 0.739 / LogL: -6479.586
Init pinv, alpha: 0.083, 1.000 / Estimate: 0.256, 0.743 / LogL: -6479.577
Init pinv, alpha: 0.125, 1.000 / Estimate: 0.255, 0.740 / LogL: -6479.588
Init pinv, alpha: 0.166, 1.000 / Estimate: 0.255, 0.742 / LogL: -6479.588
Init pinv, alpha: 0.208, 1.000 / Estimate: 0.256, 0.744 / LogL: -6479.586
Init pinv, alpha: 0.250, 1.000 / Estimate: 0.259, 0.748 / LogL: -6479.579
Init pinv, alpha: 0.291, 1.000 / Estimate: 0.263, 0.756 / LogL: -6479.580
Init pinv, alpha: 0.333, 1.000 / Estimate: 0.265, 0.760 / LogL: -6479.595
Init pinv, alpha: 0.375, 1.000 / Estimate: 0.264, 0.756 / LogL: -6479.596
Optimal pinv,alpha: 0.256, 0.743 / LogL: -6479.577

Parameters optimization took 4.942 sec
Computing ML distances based on estimated model parameters... 0.314 sec
Computing BIONJ tree...
0.080 seconds
Log-likelihood of BIONJ tree: -6606.804
--------------------------------------------------------------------
|             INITIALIZING CANDIDATE TREE SET                      |
--------------------------------------------------------------------
Generating 98 parsimony trees... 1.868 second
Computing log-likelihood of 98 initial trees ... 2.830 seconds
Current best score: -6462.320

Do NNI search on 20 best initial trees
Estimate model parameters (epsilon = 0.100)
BETTER TREE FOUND at iteration 1: -6438.974
Iteration 10 / LogL: -6447.084 / Time: 0h:0m:22s
Estimate model parameters (epsilon = 0.100)
BETTER TREE FOUND at iteration 11: -6437.947
Iteration 20 / LogL: -6446.563 / Time: 0h:0m:34s
Finish initializing candidate tree set (20)
Current best tree score: -6437.947 / CPU time: 29.096
Number of iterations: 20
--------------------------------------------------------------------
|               OPTIMIZING CANDIDATE TREE SET                      |
--------------------------------------------------------------------
Estimate model parameters (epsilon = 0.100)
BETTER TREE FOUND at iteration 21: -6428.170
Iteration 30 / LogL: -6429.194 / Time: 0h:0m:44s (0h:2m:20s left)
Estimate model parameters (epsilon = 0.100)
BETTER TREE FOUND at iteration 32: -6425.947
Estimate model parameters (epsilon = 0.100)
BETTER TREE FOUND at iteration 40: -6423.716
Iteration 40 / LogL: -6423.716 / Time: 0h:0m:55s (0h:2m:21s left)
Iteration 50 / LogL: -6431.682 / Time: 0h:1m:4s (0h:1m:58s left)
Log-likelihood cutoff on original alignment: -6481.343
Estimate model parameters (epsilon = 0.100)
BETTER TREE FOUND at iteration 59: -6422.165
Iteration 60 / LogL: -6429.927 / Time: 0h:1m:15s (0h:2m:6s left)
Estimate model parameters (epsilon = 0.100)
BETTER TREE FOUND at iteration 64: -6421.642
Iteration 70 / LogL: -6422.422 / Time: 0h:1m:26s (0h:1m:58s left)
Estimate model parameters (epsilon = 0.100)
BETTER TREE FOUND at iteration 80: -6420.336
Iteration 80 / LogL: -6420.336 / Time: 0h:1m:37s (0h:2m:3s left)
Iteration 90 / LogL: -6423.670 / Time: 0h:1m:48s (0h:1m:49s left)
Iteration 100 / LogL: -6425.098 / Time: 0h:1m:57s (0h:1m:34s left)
Log-likelihood cutoff on original alignment: -6470.164
NOTE: Bootstrap correlation coefficient of split occurrence frequencies: 0.984
NOTE: UFBoot does not converge, continue at least 100 more iterations
Iteration 110 / LogL: -6427.548 / Time: 0h:2m:7s (0h:1m:45s left)
Iteration 120 / LogL: -6452.398 / Time: 0h:2m:17s (0h:1m:32s left)
Iteration 130 / LogL: -6426.616 / Time: 0h:2m:27s (0h:1m:20s left)
Estimate model parameters (epsilon = 0.100)
BETTER TREE FOUND at iteration 134: -6417.141
Iteration 140 / LogL: -6417.215 / Time: 0h:2m:38s (0h:1m:47s left)
Iteration 150 / LogL: -6422.426 / Time: 0h:2m:49s (0h:1m:35s left)
Log-likelihood cutoff on original alignment: -6470.164
Estimate model parameters (epsilon = 0.100)
BETTER TREE FOUND at iteration 154: -6416.096
Iteration 160 / LogL: -6454.847 / Time: 0h:2m:59s (0h:1m:46s left)
Estimate model parameters (epsilon = 0.100)
BETTER TREE FOUND at iteration 164: -6415.314
Estimate model parameters (epsilon = 0.100)
BETTER TREE FOUND at iteration 169: -6413.168
Iteration 170 / LogL: -6424.066 / Time: 0h:3m:12s (0h:1m:52s left)
Iteration 180 / LogL: -6419.518 / Time: 0h:3m:24s (0h:1m:41s left)
Estimate model parameters (epsilon = 0.100)
BETTER TREE FOUND at iteration 182: -6412.540
Iteration 190 / LogL: -6417.972 / Time: 0h:3m:35s (0h:1m:44s left)
Iteration 200 / LogL: -6435.325 / Time: 0h:3m:47s (0h:1m:33s left)
Log-likelihood cutoff on original alignment: -6469.551
NOTE: Bootstrap correlation coefficient of split occurrence frequencies: 0.985
NOTE: UFBoot does not converge, continue at least 100 more iterations
Iteration 210 / LogL: -6415.831 / Time: 0h:3m:59s (0h:1m:43s left)
Iteration 220 / LogL: -6437.811 / Time: 0h:4m:9s (0h:1m:31s left)
Iteration 230 / LogL: -6424.552 / Time: 0h:4m:21s (0h:1m:19s left)
Iteration 240 / LogL: -6426.174 / Time: 0h:4m:31s (0h:1m:8s left)
Iteration 250 / LogL: -6432.731 / Time: 0h:4m:41s (0h:0m:56s left)
Log-likelihood cutoff on original alignment: -6465.829
Iteration 260 / LogL: -6417.427 / Time: 0h:4m:53s (0h:0m:45s left)
Iteration 270 / LogL: -6416.318 / Time: 0h:5m:5s (0h:0m:34s left)
Iteration 280 / LogL: -6416.204 / Time: 0h:5m:17s (0h:0m:22s left)
Iteration 290 / LogL: -6414.312 / Time: 0h:5m:28s (0h:0m:11s left)
Iteration 300 / LogL: -6426.793 / Time: 0h:5m:40s (0h:0m:0s left)
Log-likelihood cutoff on original alignment: -6465.829
NOTE: Bootstrap correlation coefficient of split occurrence frequencies: 0.985
NOTE: UFBoot does not converge, continue at least 100 more iterations
Iteration 310 / LogL: -6437.186 / Time: 0h:5m:52s (0h:1m:42s left)
Iteration 320 / LogL: -6432.963 / Time: 0h:6m:3s (0h:1m:31s left)
Estimate model parameters (epsilon = 0.100)
BETTER TREE FOUND at iteration 322: -6411.465
Iteration 330 / LogL: -6419.008 / Time: 0h:6m:13s (0h:1m:44s left)
Iteration 340 / LogL: -6418.330 / Time: 0h:6m:25s (0h:1m:33s left)
Iteration 350 / LogL: -6417.059 / Time: 0h:6m:36s (0h:1m:21s left)
Log-likelihood cutoff on original alignment: -6465.829
Iteration 360 / LogL: -6412.262 / Time: 0h:6m:48s (0h:1m:10s left)
Iteration 370 / LogL: -6420.554 / Time: 0h:7m:0s (0h:0m:59s left)
Iteration 380 / LogL: -6418.431 / Time: 0h:7m:11s (0h:0m:47s left)
Iteration 390 / LogL: -6417.753 / Time: 0h:7m:22s (0h:0m:36s left)
Iteration 400 / LogL: -6441.058 / Time: 0h:7m:33s (0h:0m:24s left)
Log-likelihood cutoff on original alignment: -6465.829
NOTE: Bootstrap correlation coefficient of split occurrence frequencies: 0.990
Iteration 410 / LogL: -6418.107 / Time: 0h:7m:46s (0h:1m:42s left)
Iteration 420 / LogL: -6418.315 / Time: 0h:7m:56s (0h:1m:31s left)
TREE SEARCH COMPLETED AFTER 423 ITERATIONS / Time: 0h:8m:0s

--------------------------------------------------------------------
|                    FINALIZING TREE SEARCH                        |
--------------------------------------------------------------------
Performs final model parameters optimization
Estimate model parameters (epsilon = 0.010)
1. Initial log-likelihood: -6411.465
Optimal log-likelihood: -6411.462
Rate parameters:  A-C: 0.78993  A-G: 4.03849  A-T: 1.51731  C-G: 0.12641  C-T: 6.25718  G-T: 1.00000
Base frequencies:  A: 0.295  C: 0.160  G: 0.299  T: 0.246
Proportion of invariable sites: 0.246
Gamma shape alpha: 0.718
Parameters optimization took 1 rounds (0.059 sec)
BEST SCORE FOUND : -6411.462

Testing tree branches by SH-like aLRT with 1000 replicates...
Alternative NNI shows better log-likelihood -6411.438 > -6411.462
1.605 sec.
Creating bootstrap support values...
Split supports printed to NEXUS file Mycoplasma_2016_run00-01.fas.splits.nex
Total tree length: 9.353

Total number of iterations: 423
CPU time used for tree search: 472.711 sec (0h:7m:52s)
Wall-clock time used for tree search: 474.792 sec (0h:7m:54s)
Total CPU time used: 480.348 sec (0h:8m:0s)
Total wall-clock time used: 482.732 sec (0h:8m:2s)

Computing bootstrap consensus tree...
Reading input file Mycoplasma_2016_run00-01.fas.splits.nex...
219 taxa and 2968 splits.
Consensus tree written to Mycoplasma_2016_run00-01.fas.contree
Reading input trees file Mycoplasma_2016_run00-01.fas.contree
Log-likelihood of consensus tree: -6414.044

Analysis results written to: 
  IQ-TREE report:                Mycoplasma_2016_run00-01.fas.iqtree
  Maximum-likelihood tree:       Mycoplasma_2016_run00-01.fas.treefile
  Likelihood distances:          Mycoplasma_2016_run00-01.fas.mldist

Ultrafast bootstrap approximation results written to:
  Split support values:          Mycoplasma_2016_run00-01.fas.splits.nex
  Consensus tree:                Mycoplasma_2016_run00-01.fas.contree
  Screen log file:               Mycoplasma_2016_run00-01.fas.log

Date and Time: Fri Mar 29 18:09:38 2024
